[debug] [2025-07-23T20:26:28.275Z] ----------------------------------------------------------------------
[debug] [2025-07-23T20:26:28.278Z] Command:       C:\Program Files\nodejs\node.exe C:\Users\Dell\AppData\Roaming\npm\node_modules\firebase-tools\lib\bin\firebase.js init
[debug] [2025-07-23T20:26:28.278Z] CLI Version:   14.11.1
[debug] [2025-07-23T20:26:28.278Z] Platform:      win32
[debug] [2025-07-23T20:26:28.279Z] Node Version:  v22.17.1
[debug] [2025-07-23T20:26:28.279Z] Time:          Wed Jul 23 2025 23:26:28 GMT+0300 (التوقيت العربي الرسمي)
[debug] [2025-07-23T20:26:28.279Z] ----------------------------------------------------------------------
[debug] 
[debug] [2025-07-23T20:26:28.285Z] > command requires scopes: ["email","openid","https://www.googleapis.com/auth/cloudplatformprojects.readonly","https://www.googleapis.com/auth/firebase","https://www.googleapis.com/auth/cloud-platform"]
[debug] [2025-07-23T20:26:28.286Z] > authorizing via signed-in user (m916077@gmail.com)
[info] 
     ######## #### ########  ######## ########     ###     ######  ########
     ##        ##  ##     ## ##       ##     ##  ##   ##  ##       ##
     ######    ##  ########  ######   ########  #########  ######  ######
     ##        ##  ##    ##  ##       ##     ## ##     ##       ## ##
     ##       #### ##     ## ######## ########  ##     ##  ######  ########

You're about to initialize a Firebase project in this directory:

  C:\Users\Dell\OneDrive\Desktop\project-root

[info] 
=== Project Setup
[info] 
[info] First, let's associate this project directory with a Firebase project.
[info] You can create multiple project aliases by running firebase use --add, 
[info] but for now we'll just set up a default project.
[info] 
[debug] [2025-07-23T20:26:46.336Z] Checked if tokens are valid: true, expires at: 1753304683128
[debug] [2025-07-23T20:26:46.337Z] Checked if tokens are valid: true, expires at: 1753304683128
[debug] [2025-07-23T20:26:46.340Z] >>> [apiv2][query] GET https://firebase.googleapis.com/v1beta1/projects pageSize=100
[debug] [2025-07-23T20:26:47.742Z] <<< [apiv2][status] GET https://firebase.googleapis.com/v1beta1/projects 200
[debug] [2025-07-23T20:26:47.743Z] <<< [apiv2][body] GET https://firebase.googleapis.com/v1beta1/projects [omitted]
[info] i  Using project mustafa-safaa (Mustafa safaa) 
[info] 
=== Hosting Setup
[debug] [2025-07-23T20:26:53.131Z] Checked if tokens are valid: true, expires at: 1753304683128
[debug] [2025-07-23T20:26:53.131Z] Checked if tokens are valid: true, expires at: 1753304683128
[debug] [2025-07-23T20:26:53.132Z] >>> [apiv2][query] GET https://firebase.googleapis.com/v1beta1/projects/mustafa-safaa [none]
[debug] [2025-07-23T20:26:55.862Z] <<< [apiv2][status] GET https://firebase.googleapis.com/v1beta1/projects/mustafa-safaa 200
[debug] [2025-07-23T20:26:55.863Z] <<< [apiv2][body] GET https://firebase.googleapis.com/v1beta1/projects/mustafa-safaa {"projectId":"mustafa-safaa","projectNumber":"767770323349","displayName":"Mustafa safaa","name":"projects/mustafa-safaa","resources":{"hostingSite":"mustafa-safaa"},"state":"ACTIVE","etag":"1_5fecc396-f476-41fd-b4c3-a9cebcc13a91"}
[info] 
[info] Your public directory is the folder (relative to your project directory) that
[info] will contain Hosting assets to be uploaded with firebase deploy. If you
[info] have a build process for your assets, use your build's output directory.
[info] 
[debug] [2025-07-23T20:27:57.840Z] >>> [apiv2][query] GET https://www.gstatic.com/firebasejs/releases.json [none]
[debug] [2025-07-23T20:27:58.149Z] <<< [apiv2][status] GET https://www.gstatic.com/firebasejs/releases.json 200
[debug] [2025-07-23T20:27:58.149Z] <<< [apiv2][body] GET https://www.gstatic.com/firebasejs/releases.json {"current":{"version":"12.0.0","browserURL":"https://www.gstatic.com/firebasejs/12.0.0/firebase.js","packageURL":"https://www.gstatic.com/firebasejs/12.0.0/firebase.tgz"},"live":{"version":"12.0","browserURL":"https://www.gstatic.com/firebasejs/live/12.0/firebase.js","packageURL":"https://www.gstatic.com/firebasejs/live/12.0/firebase.tgz"},"components":{"ai":"https://www.gstatic.com/firebasejs/12.0.0/firebase-ai.js","analytics":"https://www.gstatic.com/firebasejs/12.0.0/firebase-analytics.js","app":"https://www.gstatic.com/firebasejs/12.0.0/firebase-app.js","app-check":"https://www.gstatic.com/firebasejs/12.0.0/firebase-app-check.js","auth":"https://www.gstatic.com/firebasejs/12.0.0/firebase-auth.js","auth/cordova":"https://www.gstatic.com/firebasejs/12.0.0/firebase-auth/cordova.js","auth/web-extension":"https://www.gstatic.com/firebasejs/12.0.0/firebase-auth/web-extension.js","functions":"https://www.gstatic.com/firebasejs/12.0.0/firebase-functions.js","firestore":"https://www.gstatic.com/firebasejs/12.0.0/firebase-firestore.js","firestore/lite":"https://www.gstatic.com/firebasejs/12.0.0/firebase-firestore/lite.js","installations":"https://www.gstatic.com/firebasejs/12.0.0/firebase-installations.js","storage":"https://www.gstatic.com/firebasejs/12.0.0/firebase-storage.js","performance":"https://www.gstatic.com/firebasejs/12.0.0/firebase-performance.js","remote-config":"https://www.gstatic.com/firebasejs/12.0.0/firebase-remote-config.js","messaging":"https://www.gstatic.com/firebasejs/12.0.0/firebase-messaging.js","messaging/sw":"https://www.gstatic.com/firebasejs/12.0.0/firebase-messaging/sw.js","database":"https://www.gstatic.com/firebasejs/12.0.0/firebase-database.js","data-connect":"https://www.gstatic.com/firebasejs/12.0.0/firebase-data-connect.js","firestore.memory":"https://www.gstatic.com/firebasejs/12.0.0/firebase-firestore.memory.js"}}
[info] +  Wrote public/index.html 
[info] 
[info] i  Didn't detect a .git folder. Assuming C:\Users\Dell\OneDrive\Desktop\project-root is the project root. 
[info] i  Authorizing with GitHub to upload your service account to a GitHub repository's secrets store. 
[info] 
[info] Visit this URL on this device to log in:
[info] https://github.com/login/oauth/authorize?client_id=89cf50f02ac6aaed3484&state=549575181&redirect_uri=http%3A%2F%2Flocalhost%3A9005&scope=read%3Auser%20repo%20public_repo
[info] 
[info] Waiting for authentication...
[debug] [2025-07-23T20:28:19.021Z] >>> [apiv2][query] POST https://github.com/login/oauth/access_token [none]
[debug] [2025-07-23T20:28:19.021Z] >>> [apiv2][body] POST https://github.com/login/oauth/access_token [stream]
[debug] [2025-07-23T20:28:19.690Z] <<< [apiv2][status] POST https://github.com/login/oauth/access_token 200
[debug] [2025-07-23T20:28:19.691Z] <<< [apiv2][body] POST https://github.com/login/oauth/access_token {"access_token":"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","token_type":"bearer","scope":"read:user,repo"}
[debug] [2025-07-23T20:28:19.700Z] >>> [apiv2][query] GET https://api.github.com/user [none]
[debug] [2025-07-23T20:28:20.306Z] <<< [apiv2][status] GET https://api.github.com/user 200
[debug] [2025-07-23T20:28:20.306Z] <<< [apiv2][body] GET https://api.github.com/user {"login":"mustafa1safaa","id":220705693,"node_id":"U_kgDODSeznQ","avatar_url":"https://avatars.githubusercontent.com/u/220705693?v=4","gravatar_id":"","url":"https://api.github.com/users/mustafa1safaa","html_url":"https://github.com/mustafa1safaa","followers_url":"https://api.github.com/users/mustafa1safaa/followers","following_url":"https://api.github.com/users/mustafa1safaa/following{/other_user}","gists_url":"https://api.github.com/users/mustafa1safaa/gists{/gist_id}","starred_url":"https://api.github.com/users/mustafa1safaa/starred{/owner}{/repo}","subscriptions_url":"https://api.github.com/users/mustafa1safaa/subscriptions","organizations_url":"https://api.github.com/users/mustafa1safaa/orgs","repos_url":"https://api.github.com/users/mustafa1safaa/repos","events_url":"https://api.github.com/users/mustafa1safaa/events{/privacy}","received_events_url":"https://api.github.com/users/mustafa1safaa/received_events","type":"User","user_view_type":"private","site_admin":false,"name":"Mustafa safaa jasim","company":null,"blog":"","location":null,"email":"m916077@gmail.com","hireable":null,"bio":null,"twitter_username":null,"notification_email":"m916077@gmail.com","public_repos":2,"public_gists":0,"followers":0,"following":0,"created_at":"2025-07-14T09:50:48Z","updated_at":"2025-07-15T22:45:03Z","private_gists":0,"total_private_repos":1,"owned_private_repos":1,"disk_usage":230,"collaborators":0,"two_factor_authentication":false,"plan":{"name":"free","space":976562499,"collaborators":0,"private_repos":10000}}
[info] 
[info] +  Success! Logged into GitHub as mustafa1safaa 
[info] 
